info it worked if it ends with ok
verbose cli [ 'node',
verbose cli   '/home/jisaacstone/bin/npm',
verbose cli   'install',
verbose cli   '-g',
verbose cli   'underscore' ]
info using npm@1.1.18
info using node@v0.6.15
verbose config file /home/jisaacstone/.npmrc
verbose config file /home/jisaacstone/etc/npmrc
verbose config file /home/jisaacstone/lib/node_modules/npm/npmrc
verbose cache add [ 'underscore', null ]
silly cache add: name, spec, args [ undefined, 'underscore', [ 'underscore', null ] ]
verbose parsed url { pathname: 'underscore',
verbose parsed url   path: 'underscore',
verbose parsed url   href: 'underscore' }
verbose addNamed [ 'underscore', '' ]
verbose addNamed [ null, '' ]
silly name, range, hasData [ 'underscore', '', false ]
verbose raw, before any munging underscore
verbose url resolving [ 'https://registry.npmjs.org/', './underscore' ]
verbose url resolved https://registry.npmjs.org/underscore
http GET https://registry.npmjs.org/underscore
ERR! Error: socket hang up
ERR!     at createHangUpError (http.js:1107:15)
ERR!     at CleartextStream.<anonymous> (http.js:1210:27)
ERR!     at CleartextStream.emit (events.js:88:20)
ERR!     at Array.1 (tls.js:792:22)
ERR!     at EventEmitter._tickCallback (node.js:192:40)
ERR! You may report this log at:
ERR!     <http://github.com/isaacs/npm/issues>
ERR! or email it to:
ERR!     <npm-@googlegroups.com>
ERR! 
ERR! System Linux 2.6.18-274.18.1.el5PAE
ERR! command "node" "/home/jisaacstone/bin/npm" "install" "-g" "underscore"
ERR! cwd /home/jisaacstone/webapps/slidewar
ERR! node -v v0.6.15
ERR! npm -v 1.1.18
ERR! code ECONNRESET
ERR! message socket hang up
ERR! errno {}
verbose exit [ 1, true ]
